2024-09-17T18:02:05.249+08:00  WARN 28188 --- [main] c.a.nacos.client.logging.NacosLogging    : Load Logback Configuration of Nacos fail, message: Could not initialize Logback Nacos logging from classpath:nacos-logback.xml
2024-09-17T18:02:05.250+08:00  INFO 28188 --- [main] com.pray.CloudCacheApplication           : The following 1 profile is active: "dev"
2024-09-17T18:02:06.549+08:00  INFO 28188 --- [main] o.apache.catalina.core.StandardService   : Starting service [Tomcat]
2024-09-17T18:02:06.550+08:00  INFO 28188 --- [main] o.apache.catalina.core.StandardEngine    : Starting Servlet engine: [Apache Tomcat/10.1.5]
2024-09-17T18:02:06.662+08:00  INFO 28188 --- [main] o.a.c.c.C.[Tomcat].[localhost].[/redis]  : Initializing Spring embedded WebApplicationContext
2024-09-17T18:02:06.843+08:00  INFO 28188 --- [main] com.pray.config.AuthConfig               : <----------------------- 加入AuthFilter拦截路径：----------------------->
2024-09-17T18:02:07.056+08:00  WARN 28188 --- [main] ConfigServletWebServerApplicationContext : Exception encountered during context initialization - cancelling refresh attempt: org.springframework.beans.factory.BeanCreationException: Error creating bean with name 'borrowController': Injection of resource dependencies failed
2024-09-17T18:02:07.059+08:00  INFO 28188 --- [main] o.apache.catalina.core.StandardService   : Stopping service [Tomcat]
2024-09-17T18:02:07.091+08:00 ERROR 28188 --- [main] o.s.boot.SpringApplication               : Application run failed

org.springframework.beans.factory.BeanCreationException: Error creating bean with name 'borrowController': Injection of resource dependencies failed
	at org.springframework.context.annotation.CommonAnnotationBeanPostProcessor.postProcessProperties(CommonAnnotationBeanPostProcessor.java:303) ~[spring-context-6.0.4.jar:6.0.4]
	at org.springframework.beans.factory.support.AbstractAutowireCapableBeanFactory.populateBean(AbstractAutowireCapableBeanFactory.java:1397) ~[spring-beans-6.0.4.jar:6.0.4]
	at org.springframework.beans.factory.support.AbstractAutowireCapableBeanFactory.doCreateBean(AbstractAutowireCapableBeanFactory.java:598) ~[spring-beans-6.0.4.jar:6.0.4]
	at org.springframework.beans.factory.support.AbstractAutowireCapableBeanFactory.createBean(AbstractAutowireCapableBeanFactory.java:521) ~[spring-beans-6.0.4.jar:6.0.4]
	at org.springframework.beans.factory.support.AbstractBeanFactory.lambda$doGetBean$0(AbstractBeanFactory.java:326) ~[spring-beans-6.0.4.jar:6.0.4]
	at org.springframework.beans.factory.support.DefaultSingletonBeanRegistry.getSingleton(DefaultSingletonBeanRegistry.java:234) ~[spring-beans-6.0.4.jar:6.0.4]
	at org.springframework.beans.factory.support.AbstractBeanFactory.doGetBean(AbstractBeanFactory.java:324) ~[spring-beans-6.0.4.jar:6.0.4]
	at org.springframework.beans.factory.support.AbstractBeanFactory.getBean(AbstractBeanFactory.java:200) ~[spring-beans-6.0.4.jar:6.0.4]
	at org.springframework.beans.factory.support.DefaultListableBeanFactory.preInstantiateSingletons(DefaultListableBeanFactory.java:961) ~[spring-beans-6.0.4.jar:6.0.4]
	at org.springframework.context.support.AbstractApplicationContext.finishBeanFactoryInitialization(AbstractApplicationContext.java:915) ~[spring-context-6.0.4.jar:6.0.4]
	at org.springframework.context.support.AbstractApplicationContext.refresh(AbstractApplicationContext.java:584) ~[spring-context-6.0.4.jar:6.0.4]
	at org.springframework.boot.web.servlet.context.ServletWebServerApplicationContext.refresh(ServletWebServerApplicationContext.java:146) ~[spring-boot-3.0.2.jar:3.0.2]
	at org.springframework.boot.SpringApplication.refresh(SpringApplication.java:730) ~[spring-boot-3.0.2.jar:3.0.2]
	at org.springframework.boot.SpringApplication.refreshContext(SpringApplication.java:432) ~[spring-boot-3.0.2.jar:3.0.2]
	at org.springframework.boot.SpringApplication.run(SpringApplication.java:308) ~[spring-boot-3.0.2.jar:3.0.2]
	at org.springframework.boot.SpringApplication.run(SpringApplication.java:1302) ~[spring-boot-3.0.2.jar:3.0.2]
	at org.springframework.boot.SpringApplication.run(SpringApplication.java:1291) ~[spring-boot-3.0.2.jar:3.0.2]
	at com.pray.CloudCacheApplication.main(CloudCacheApplication.java:24) ~[classes/:na]
Caused by: org.springframework.beans.factory.BeanCreationException: Error creating bean with name 'borrowServiceImpl': Injection of resource dependencies failed
	at org.springframework.context.annotation.CommonAnnotationBeanPostProcessor.postProcessProperties(CommonAnnotationBeanPostProcessor.java:303) ~[spring-context-6.0.4.jar:6.0.4]
	at org.springframework.beans.factory.support.AbstractAutowireCapableBeanFactory.populateBean(AbstractAutowireCapableBeanFactory.java:1397) ~[spring-beans-6.0.4.jar:6.0.4]
	at org.springframework.beans.factory.support.AbstractAutowireCapableBeanFactory.doCreateBean(AbstractAutowireCapableBeanFactory.java:598) ~[spring-beans-6.0.4.jar:6.0.4]
	at org.springframework.beans.factory.support.AbstractAutowireCapableBeanFactory.createBean(AbstractAutowireCapableBeanFactory.java:521) ~[spring-beans-6.0.4.jar:6.0.4]
	at org.springframework.beans.factory.support.AbstractBeanFactory.lambda$doGetBean$0(AbstractBeanFactory.java:326) ~[spring-beans-6.0.4.jar:6.0.4]
	at org.springframework.beans.factory.support.DefaultSingletonBeanRegistry.getSingleton(DefaultSingletonBeanRegistry.java:234) ~[spring-beans-6.0.4.jar:6.0.4]
	at org.springframework.beans.factory.support.AbstractBeanFactory.doGetBean(AbstractBeanFactory.java:324) ~[spring-beans-6.0.4.jar:6.0.4]
	at org.springframework.beans.factory.support.AbstractBeanFactory.getBean(AbstractBeanFactory.java:200) ~[spring-beans-6.0.4.jar:6.0.4]
	at org.springframework.beans.factory.config.DependencyDescriptor.resolveCandidate(DependencyDescriptor.java:254) ~[spring-beans-6.0.4.jar:6.0.4]
	at org.springframework.beans.factory.support.DefaultListableBeanFactory.doResolveDependency(DefaultListableBeanFactory.java:1405) ~[spring-beans-6.0.4.jar:6.0.4]
	at org.springframework.beans.factory.support.DefaultListableBeanFactory.resolveDependency(DefaultListableBeanFactory.java:1325) ~[spring-beans-6.0.4.jar:6.0.4]
	at org.springframework.context.annotation.CommonAnnotationBeanPostProcessor.autowireResource(CommonAnnotationBeanPostProcessor.java:490) ~[spring-context-6.0.4.jar:6.0.4]
	at org.springframework.context.annotation.CommonAnnotationBeanPostProcessor.getResource(CommonAnnotationBeanPostProcessor.java:467) ~[spring-context-6.0.4.jar:6.0.4]
	at org.springframework.context.annotation.CommonAnnotationBeanPostProcessor$ResourceElement.getResourceToInject(CommonAnnotationBeanPostProcessor.java:618) ~[spring-context-6.0.4.jar:6.0.4]
	at org.springframework.beans.factory.annotation.InjectionMetadata$InjectedElement.inject(InjectionMetadata.java:242) ~[spring-beans-6.0.4.jar:6.0.4]
	at org.springframework.beans.factory.annotation.InjectionMetadata.inject(InjectionMetadata.java:133) ~[spring-beans-6.0.4.jar:6.0.4]
	at org.springframework.context.annotation.CommonAnnotationBeanPostProcessor.postProcessProperties(CommonAnnotationBeanPostProcessor.java:300) ~[spring-context-6.0.4.jar:6.0.4]
	... 17 common frames omitted
Caused by: org.springframework.beans.factory.UnsatisfiedDependencyException: Error creating bean with name 'borrowMapper' defined in file [D:\Rainy-Cloud\cloud-mapper\target\classes\com\pray\mapper\BorrowMapper.class]: Unsatisfied dependency expressed through bean property 'sqlSessionFactory': Error creating bean with name 'sqlSessionFactory' defined in class path resource [com/baomidou/mybatisplus/autoconfigure/MybatisPlusAutoConfiguration.class]: Failed to instantiate [org.apache.ibatis.session.SqlSessionFactory]: Factory method 'sqlSessionFactory' threw exception with message: Property 'configuration' and 'configLocation' can not specified with together
	at org.springframework.beans.factory.support.AbstractAutowireCapableBeanFactory.autowireByType(AbstractAutowireCapableBeanFactory.java:1494) ~[spring-beans-6.0.4.jar:6.0.4]
	at org.springframework.beans.factory.support.AbstractAutowireCapableBeanFactory.populateBean(AbstractAutowireCapableBeanFactory.java:1388) ~[spring-beans-6.0.4.jar:6.0.4]
	at org.springframework.beans.factory.support.AbstractAutowireCapableBeanFactory.doCreateBean(AbstractAutowireCapableBeanFactory.java:598) ~[spring-beans-6.0.4.jar:6.0.4]
	at org.springframework.beans.factory.support.AbstractAutowireCapableBeanFactory.createBean(AbstractAutowireCapableBeanFactory.java:521) ~[spring-beans-6.0.4.jar:6.0.4]
	at org.springframework.beans.factory.support.AbstractBeanFactory.lambda$doGetBean$0(AbstractBeanFactory.java:326) ~[spring-beans-6.0.4.jar:6.0.4]
	at org.springframework.beans.factory.support.DefaultSingletonBeanRegistry.getSingleton(DefaultSingletonBeanRegistry.java:234) ~[spring-beans-6.0.4.jar:6.0.4]
	at org.springframework.beans.factory.support.AbstractBeanFactory.doGetBean(AbstractBeanFactory.java:324) ~[spring-beans-6.0.4.jar:6.0.4]
	at org.springframework.beans.factory.support.AbstractBeanFactory.getBean(AbstractBeanFactory.java:205) ~[spring-beans-6.0.4.jar:6.0.4]
	at org.springframework.beans.factory.support.AbstractAutowireCapableBeanFactory.resolveBeanByName(AbstractAutowireCapableBeanFactory.java:458) ~[spring-beans-6.0.4.jar:6.0.4]
	at org.springframework.context.annotation.CommonAnnotationBeanPostProcessor.autowireResource(CommonAnnotationBeanPostProcessor.java:496) ~[spring-context-6.0.4.jar:6.0.4]
	at org.springframework.context.annotation.CommonAnnotationBeanPostProcessor.getResource(CommonAnnotationBeanPostProcessor.java:467) ~[spring-context-6.0.4.jar:6.0.4]
	at org.springframework.context.annotation.CommonAnnotationBeanPostProcessor$ResourceElement.getResourceToInject(CommonAnnotationBeanPostProcessor.java:618) ~[spring-context-6.0.4.jar:6.0.4]
	at org.springframework.beans.factory.annotation.InjectionMetadata$InjectedElement.inject(InjectionMetadata.java:242) ~[spring-beans-6.0.4.jar:6.0.4]
	at org.springframework.beans.factory.annotation.InjectionMetadata.inject(InjectionMetadata.java:133) ~[spring-beans-6.0.4.jar:6.0.4]
	at org.springframework.context.annotation.CommonAnnotationBeanPostProcessor.postProcessProperties(CommonAnnotationBeanPostProcessor.java:300) ~[spring-context-6.0.4.jar:6.0.4]
	... 33 common frames omitted
Caused by: org.springframework.beans.factory.BeanCreationException: Error creating bean with name 'sqlSessionFactory' defined in class path resource [com/baomidou/mybatisplus/autoconfigure/MybatisPlusAutoConfiguration.class]: Failed to instantiate [org.apache.ibatis.session.SqlSessionFactory]: Factory method 'sqlSessionFactory' threw exception with message: Property 'configuration' and 'configLocation' can not specified with together
	at org.springframework.beans.factory.support.ConstructorResolver.instantiate(ConstructorResolver.java:657) ~[spring-beans-6.0.4.jar:6.0.4]
	at org.springframework.beans.factory.support.ConstructorResolver.instantiateUsingFactoryMethod(ConstructorResolver.java:645) ~[spring-beans-6.0.4.jar:6.0.4]
	at org.springframework.beans.factory.support.AbstractAutowireCapableBeanFactory.instantiateUsingFactoryMethod(AbstractAutowireCapableBeanFactory.java:1324) ~[spring-beans-6.0.4.jar:6.0.4]
	at org.springframework.beans.factory.support.AbstractAutowireCapableBeanFactory.createBeanInstance(AbstractAutowireCapableBeanFactory.java:1161) ~[spring-beans-6.0.4.jar:6.0.4]
	at org.springframework.beans.factory.support.AbstractAutowireCapableBeanFactory.doCreateBean(AbstractAutowireCapableBeanFactory.java:561) ~[spring-beans-6.0.4.jar:6.0.4]
	at org.springframework.beans.factory.support.AbstractAutowireCapableBeanFactory.createBean(AbstractAutowireCapableBeanFactory.java:521) ~[spring-beans-6.0.4.jar:6.0.4]
	at org.springframework.beans.factory.support.AbstractBeanFactory.lambda$doGetBean$0(AbstractBeanFactory.java:326) ~[spring-beans-6.0.4.jar:6.0.4]
	at org.springframework.beans.factory.support.DefaultSingletonBeanRegistry.getSingleton(DefaultSingletonBeanRegistry.java:234) ~[spring-beans-6.0.4.jar:6.0.4]
	at org.springframework.beans.factory.support.AbstractBeanFactory.doGetBean(AbstractBeanFactory.java:324) ~[spring-beans-6.0.4.jar:6.0.4]
	at org.springframework.beans.factory.support.AbstractBeanFactory.getBean(AbstractBeanFactory.java:200) ~[spring-beans-6.0.4.jar:6.0.4]
	at org.springframework.beans.factory.config.DependencyDescriptor.resolveCandidate(DependencyDescriptor.java:254) ~[spring-beans-6.0.4.jar:6.0.4]
	at org.springframework.beans.factory.support.DefaultListableBeanFactory.doResolveDependency(DefaultListableBeanFactory.java:1405) ~[spring-beans-6.0.4.jar:6.0.4]
	at org.springframework.beans.factory.support.DefaultListableBeanFactory.resolveDependency(DefaultListableBeanFactory.java:1325) ~[spring-beans-6.0.4.jar:6.0.4]
	at org.springframework.beans.factory.support.AbstractAutowireCapableBeanFactory.autowireByType(AbstractAutowireCapableBeanFactory.java:1479) ~[spring-beans-6.0.4.jar:6.0.4]
	... 47 common frames omitted
Caused by: org.springframework.beans.BeanInstantiationException: Failed to instantiate [org.apache.ibatis.session.SqlSessionFactory]: Factory method 'sqlSessionFactory' threw exception with message: Property 'configuration' and 'configLocation' can not specified with together
	at org.springframework.beans.factory.support.SimpleInstantiationStrategy.instantiate(SimpleInstantiationStrategy.java:171) ~[spring-beans-6.0.4.jar:6.0.4]
	at org.springframework.beans.factory.support.ConstructorResolver.instantiate(ConstructorResolver.java:653) ~[spring-beans-6.0.4.jar:6.0.4]
	... 60 common frames omitted
Caused by: java.lang.IllegalStateException: Property 'configuration' and 'configLocation' can not specified with together
	at org.springframework.util.Assert.state(Assert.java:76) ~[spring-core-6.0.4.jar:6.0.4]
	at com.baomidou.mybatisplus.extension.spring.MybatisSqlSessionFactoryBean.afterPropertiesSet(MybatisSqlSessionFactoryBean.java:440) ~[mybatis-plus-extension-3.5.3.1.jar:3.5.3.1]
	at com.baomidou.mybatisplus.extension.spring.MybatisSqlSessionFactoryBean.getObject(MybatisSqlSessionFactoryBean.java:608) ~[mybatis-plus-extension-3.5.3.1.jar:3.5.3.1]
	at com.baomidou.mybatisplus.autoconfigure.MybatisPlusAutoConfiguration.sqlSessionFactory(MybatisPlusAutoConfiguration.java:224) ~[mybatis-plus-boot-starter-3.5.3.1.jar:3.5.3.1]
	at java.base/jdk.internal.reflect.DirectMethodHandleAccessor.invoke(DirectMethodHandleAccessor.java:104) ~[na:na]
	at java.base/java.lang.reflect.Method.invoke(Method.java:577) ~[na:na]
	at org.springframework.beans.factory.support.SimpleInstantiationStrategy.instantiate(SimpleInstantiationStrategy.java:139) ~[spring-beans-6.0.4.jar:6.0.4]
	... 61 common frames omitted

2024-09-17T18:02:07.098+08:00  WARN 28188 --- [Thread-1] c.a.n.common.http.HttpClientBeanHolder   : [HttpClientBeanHolder] Start destroying common HttpClient
2024-09-17T18:02:07.098+08:00  WARN 28188 --- [Thread-7] c.a.nacos.common.notify.NotifyCenter     : [NotifyCenter] Start destroying Publisher
2024-09-17T18:02:07.099+08:00  WARN 28188 --- [Thread-7] c.a.nacos.common.notify.NotifyCenter     : [NotifyCenter] Destruction of the end
2024-09-17T18:03:04.668+08:00  WARN 53740 --- [main] c.a.nacos.client.logging.NacosLogging    : Load Logback Configuration of Nacos fail, message: Could not initialize Logback Nacos logging from classpath:nacos-logback.xml
2024-09-17T18:03:04.669+08:00  INFO 53740 --- [main] com.pray.CloudCacheApplication           : The following 1 profile is active: "dev"
2024-09-17T18:03:05.976+08:00  INFO 53740 --- [main] o.apache.catalina.core.StandardService   : Starting service [Tomcat]
2024-09-17T18:03:05.977+08:00  INFO 53740 --- [main] o.apache.catalina.core.StandardEngine    : Starting Servlet engine: [Apache Tomcat/10.1.5]
2024-09-17T18:03:06.087+08:00  INFO 53740 --- [main] o.a.c.c.C.[Tomcat].[localhost].[/redis]  : Initializing Spring embedded WebApplicationContext
2024-09-17T18:03:06.285+08:00  INFO 53740 --- [main] com.pray.config.AuthConfig               : <----------------------- 加入AuthFilter拦截路径：----------------------->
2024-09-17T18:03:06.600+08:00  WARN 53740 --- [main] c.b.m.core.injector.DefaultSqlInjector   : class com.pray.entity.po.Borrow ,Not found @TableId annotation, Cannot use Mybatis-Plus 'xxById' Method.
2024-09-17T18:03:06.676+08:00  WARN 53740 --- [main] c.b.m.core.injector.DefaultSqlInjector   : class com.pray.entity.po.Book ,Not found @TableId annotation, Cannot use Mybatis-Plus 'xxById' Method.
2024-09-17T18:03:07.021+08:00  INFO 53740 --- [main] c.a.c.sentinel.SentinelWebMvcConfigurer  : [Sentinel Starter] register SentinelWebInterceptor with urlPatterns: [/**].
2024-09-17T18:03:07.514+08:00  WARN 53740 --- [main] iguration$LoadBalancerCaffeineWarnLogger : Spring Cloud LoadBalancer is currently working with the default cache. While this cache implementation is useful for development and tests, it's recommended to use Caffeine cache in production.You can switch to using Caffeine cache, by adding it and org.springframework.cache.caffeine.CaffeineCacheManager to the classpath.
2024-09-17T18:03:07.522+08:00  WARN 53740 --- [main] c.b.m.core.injector.DefaultSqlInjector   : class com.pray.entity.po.BookUser ,Not found @TableId annotation, Cannot use Mybatis-Plus 'xxById' Method.
2024-09-17T18:03:07.618+08:00  INFO 53740 --- [main] com.alibaba.nacos.client.naming          : initializer namespace from ans.namespace attribute : null
2024-09-17T18:03:07.619+08:00  INFO 53740 --- [main] com.alibaba.nacos.client.naming          : initializer namespace from ALIBABA_ALIWARE_NAMESPACE attribute :null
2024-09-17T18:03:07.620+08:00  INFO 53740 --- [main] com.alibaba.nacos.client.naming          : initializer namespace from namespace attribute :null
2024-09-17T18:03:07.625+08:00  INFO 53740 --- [main] c.a.n.p.a.s.c.ClientAuthPluginManager    : [ClientAuthPluginManager] Load ClientAuthService com.alibaba.nacos.client.auth.impl.NacosClientAuthServiceImpl success.
2024-09-17T18:03:07.625+08:00  INFO 53740 --- [main] c.a.n.p.a.s.c.ClientAuthPluginManager    : [ClientAuthPluginManager] Load ClientAuthService com.alibaba.nacos.client.auth.ram.RamClientAuthServiceImpl success.
2024-09-17T18:03:07.690+08:00  INFO 53740 --- [main] com.alibaba.nacos.common.remote.client   : [RpcClientFactory] create a new rpc client of 831534b8-48ed-4643-aa4e-d9b6e55f7988
2024-09-17T18:03:07.692+08:00  INFO 53740 --- [main] com.alibaba.nacos.common.remote.client   : [831534b8-48ed-4643-aa4e-d9b6e55f7988] RpcClient init, ServerListFactory = com.alibaba.nacos.client.naming.core.ServerListManager
2024-09-17T18:03:07.692+08:00  INFO 53740 --- [main] com.alibaba.nacos.common.remote.client   : [831534b8-48ed-4643-aa4e-d9b6e55f7988] Registry connection listener to current client:com.alibaba.nacos.client.naming.remote.gprc.redo.NamingGrpcRedoService
2024-09-17T18:03:07.692+08:00  INFO 53740 --- [main] com.alibaba.nacos.common.remote.client   : [831534b8-48ed-4643-aa4e-d9b6e55f7988] Register server push request handler:com.alibaba.nacos.client.naming.remote.gprc.NamingPushRequestHandler
2024-09-17T18:03:07.692+08:00  INFO 53740 --- [main] com.alibaba.nacos.common.remote.client   : [831534b8-48ed-4643-aa4e-d9b6e55f7988] Try to connect to server on start up, server: {serverIp = '127.0.0.1', server main port = 8848}
2024-09-17T18:03:07.693+08:00  INFO 53740 --- [main] c.a.n.c.remote.client.grpc.GrpcClient    : grpc client connection server:127.0.0.1 ip,serverPort:9848,grpcTslConfig:{"sslProvider":"OPENSSL","enableTls":false,"mutualAuthEnable":false,"trustAll":false}
2024-09-17T18:03:07.808+08:00  INFO 53740 --- [main] com.alibaba.nacos.common.remote.client   : [831534b8-48ed-4643-aa4e-d9b6e55f7988] Success to connect to server [127.0.0.1:8848] on start up, connectionId = 1726567387698_127.0.0.1_54495
2024-09-17T18:03:07.808+08:00  INFO 53740 --- [main] com.alibaba.nacos.common.remote.client   : [831534b8-48ed-4643-aa4e-d9b6e55f7988] Register server push request handler:com.alibaba.nacos.common.remote.client.RpcClient$ConnectResetRequestHandler
2024-09-17T18:03:07.808+08:00  INFO 53740 --- [com.alibaba.nacos.client.remote.worker] com.alibaba.nacos.common.remote.client   : [831534b8-48ed-4643-aa4e-d9b6e55f7988] Notify connected event to listeners.
2024-09-17T18:03:07.809+08:00  INFO 53740 --- [com.alibaba.nacos.client.remote.worker] com.alibaba.nacos.client.naming          : Grpc connection connect
2024-09-17T18:03:07.809+08:00  INFO 53740 --- [main] com.alibaba.nacos.common.remote.client   : [831534b8-48ed-4643-aa4e-d9b6e55f7988] Register server push request handler:com.alibaba.nacos.common.remote.client.RpcClient$$Lambda$519/0x000000080102ac90
2024-09-17T18:03:07.810+08:00  INFO 53740 --- [main] com.alibaba.nacos.client.naming          : [REGISTER-SERVICE] public registering service cloud-cache with instance Instance{instanceId='null', ip='10.90.117.58', port=9021, weight=1.0, healthy=true, enabled=true, ephemeral=true, clusterName='DEFAULT', serviceName='null', metadata={IPv6=null, preserved.register.source=SPRING_CLOUD}}
2024-09-17T18:03:07.834+08:00  INFO 53740 --- [main] c.a.c.n.registry.NacosServiceRegistry    : nacos registry, DEFAULT_GROUP cloud-cache 10.90.117.58:9021 register finished
2024-09-17T18:03:07.910+08:00  INFO 53740 --- [main] com.pray.CloudCacheApplication           : Started CloudCacheApplication in 5.034 seconds (process running for 5.596)
2024-09-17T18:03:07.913+08:00  INFO 53740 --- [main] c.a.nacos.client.config.impl.CacheData   : nacos.cache.data.init.snapshot = true 
2024-09-17T18:03:07.913+08:00  INFO 53740 --- [main] c.a.n.client.config.impl.ClientWorker    : [fixed-127.0.0.1_8848] [subscribe] cloud-cache+DEFAULT_GROUP
2024-09-17T18:03:07.919+08:00  INFO 53740 --- [main] c.a.nacos.client.config.impl.CacheData   : [fixed-127.0.0.1_8848] [add-listener] ok, tenant=, dataId=cloud-cache, group=DEFAULT_GROUP, cnt=1
2024-09-17T18:03:07.919+08:00  INFO 53740 --- [main] c.a.c.n.refresh.NacosContextRefresher    : [Nacos Config] Listening config: dataId=cloud-cache, group=DEFAULT_GROUP
2024-09-17T18:03:07.919+08:00  INFO 53740 --- [main] c.a.n.client.config.impl.ClientWorker    : [fixed-127.0.0.1_8848] [subscribe] cloud-cache.yml+DEFAULT_GROUP
2024-09-17T18:03:07.919+08:00  INFO 53740 --- [main] c.a.nacos.client.config.impl.CacheData   : [fixed-127.0.0.1_8848] [add-listener] ok, tenant=, dataId=cloud-cache.yml, group=DEFAULT_GROUP, cnt=1
2024-09-17T18:03:07.919+08:00  INFO 53740 --- [main] c.a.c.n.refresh.NacosContextRefresher    : [Nacos Config] Listening config: dataId=cloud-cache.yml, group=DEFAULT_GROUP
2024-09-17T18:03:07.919+08:00  INFO 53740 --- [main] c.a.n.client.config.impl.ClientWorker    : [fixed-127.0.0.1_8848] [subscribe] cloud-cache-dev.yml+DEFAULT_GROUP
2024-09-17T18:03:07.919+08:00  INFO 53740 --- [main] c.a.nacos.client.config.impl.CacheData   : [fixed-127.0.0.1_8848] [add-listener] ok, tenant=, dataId=cloud-cache-dev.yml, group=DEFAULT_GROUP, cnt=1
2024-09-17T18:03:07.919+08:00  INFO 53740 --- [main] c.a.c.n.refresh.NacosContextRefresher    : [Nacos Config] Listening config: dataId=cloud-cache-dev.yml, group=DEFAULT_GROUP
