17:31:51.691 [main] INFO  c.a.n.c.u.ParamUtil - [<clinit>,87] - [settings] [req-serv] nacos-server port:8848
17:31:51.691 [main] INFO  c.a.n.c.u.ParamUtil - [<clinit>,98] - [settings] [http-client] connect timeout:1000
17:31:51.692 [main] INFO  c.a.n.c.u.ParamUtil - [<clinit>,105] - PER_TASK_CONFIG_SIZE: 3000.0
17:31:51.716 [main] INFO  c.a.n.p.a.s.c.ClientAuthPluginManager - [init,56] - [ClientAuthPluginManager] Load ClientAuthService com.alibaba.nacos.client.auth.impl.NacosClientAuthServiceImpl success.
17:31:51.716 [main] INFO  c.a.n.p.a.s.c.ClientAuthPluginManager - [init,56] - [ClientAuthPluginManager] Load ClientAuthService com.alibaba.nacos.client.auth.ram.RamClientAuthServiceImpl success.
17:31:51.719 [main] INFO  c.a.n.c.a.r.i.CredentialWatcher - [loadCredential,165] - null No credential found
17:31:51.744 [main] INFO  c.a.n.c.c.i.Limiter - [<clinit>,62] - limitTime:5.0
17:31:52.183 [main] INFO  c.a.n.c.c.i.LocalConfigInfoProcessor - [<clinit>,63] - LOCAL_SNAPSHOT_PATH:C:\Users\Rainy-Heights\nacos\config
17:31:52.189 [main] INFO  c.a.n.c.r.client - [lambda$createClient$0,108] - [RpcClientFactory] create a new rpc client of 487f5d29-d686-4346-b7e0-90087351603c_config-0
17:31:52.203 [main] INFO  c.a.n.c.r.client - [printIfInfoEnabled,63] - [487f5d29-d686-4346-b7e0-90087351603c_config-0] Register server push request handler:com.alibaba.nacos.client.config.impl.ClientWorker$ConfigRpcTransportClient$$Lambda$578/0x0000000800f2b000
17:31:52.204 [main] INFO  c.a.n.c.r.client - [printIfInfoEnabled,63] - [487f5d29-d686-4346-b7e0-90087351603c_config-0] Register server push request handler:com.alibaba.nacos.client.config.impl.ClientWorker$ConfigRpcTransportClient$$Lambda$579/0x0000000800f2b400
17:31:52.205 [main] INFO  c.a.n.c.r.client - [printIfInfoEnabled,63] - [487f5d29-d686-4346-b7e0-90087351603c_config-0] Registry connection listener to current client:com.alibaba.nacos.client.config.impl.ClientWorker$ConfigRpcTransportClient$1
17:31:52.205 [main] INFO  c.a.n.c.r.client - [printIfInfoEnabled,63] - [487f5d29-d686-4346-b7e0-90087351603c_config-0] RpcClient init, ServerListFactory = com.alibaba.nacos.client.config.impl.ClientWorker$ConfigRpcTransportClient$2
17:31:52.212 [main] INFO  c.a.n.c.r.client - [printIfInfoEnabled,63] - [487f5d29-d686-4346-b7e0-90087351603c_config-0] Try to connect to server on start up, server: {serverIp = '127.0.0.1', server main port = 8848}
17:31:52.230 [main] INFO  c.a.n.c.r.c.g.GrpcClient - [createNewManagedChannel,182] - grpc client connection server:127.0.0.1 ip,serverPort:9848,grpcTslConfig:{"sslProvider":"OPENSSL","enableTls":false,"mutualAuthEnable":false,"trustAll":false}
17:31:53.065 [main] INFO  c.a.n.c.r.client - [printIfInfoEnabled,63] - [487f5d29-d686-4346-b7e0-90087351603c_config-0] Success to connect to server [127.0.0.1:8848] on start up, connectionId = 1726565512838_127.0.0.1_51927
17:31:53.066 [main] INFO  c.a.n.c.r.client - [printIfInfoEnabled,63] - [487f5d29-d686-4346-b7e0-90087351603c_config-0] Register server push request handler:com.alibaba.nacos.common.remote.client.RpcClient$ConnectResetRequestHandler
17:31:53.066 [com.alibaba.nacos.client.remote.worker] INFO  c.a.n.c.r.client - [printIfInfoEnabled,63] - [487f5d29-d686-4346-b7e0-90087351603c_config-0] Notify connected event to listeners.
17:31:53.067 [main] INFO  c.a.n.c.r.client - [printIfInfoEnabled,63] - [487f5d29-d686-4346-b7e0-90087351603c_config-0] Register server push request handler:com.alibaba.nacos.common.remote.client.RpcClient$$Lambda$595/0x0000000801065cf0
17:31:53.067 [com.alibaba.nacos.client.remote.worker] INFO  c.a.n.c.c.i.ClientWorker - [onConnected,639] - [487f5d29-d686-4346-b7e0-90087351603c_config-0] Connected,notify listen context...
17:31:53.172 [main] INFO  c.p.CloudSystemApplication - [logStartupProfileInfo,636] - The following 1 profile is active: "dev"
17:31:54.915 [main] INFO  o.a.c.h.Http11NioProtocol - [log,173] - Initializing ProtocolHandler ["http-nio-9023"]
17:31:54.917 [main] INFO  o.a.c.c.StandardService - [log,173] - Starting service [Tomcat]
17:31:54.917 [main] INFO  o.a.c.c.StandardEngine - [log,173] - Starting Servlet engine: [Apache Tomcat/10.1.5]
17:31:55.044 [main] INFO  o.a.c.c.C.[.[.[/system] - [log,173] - Initializing Spring embedded WebApplicationContext
17:31:55.145 [main] INFO  o.a.c.c.StandardService - [log,173] - Stopping service [Tomcat]
18:03:16.967 [main] INFO  c.a.n.c.u.ParamUtil - [<clinit>,87] - [settings] [req-serv] nacos-server port:8848
18:03:16.967 [main] INFO  c.a.n.c.u.ParamUtil - [<clinit>,98] - [settings] [http-client] connect timeout:1000
18:03:16.968 [main] INFO  c.a.n.c.u.ParamUtil - [<clinit>,105] - PER_TASK_CONFIG_SIZE: 3000.0
18:03:16.987 [main] INFO  c.a.n.p.a.s.c.ClientAuthPluginManager - [init,56] - [ClientAuthPluginManager] Load ClientAuthService com.alibaba.nacos.client.auth.impl.NacosClientAuthServiceImpl success.
18:03:16.988 [main] INFO  c.a.n.p.a.s.c.ClientAuthPluginManager - [init,56] - [ClientAuthPluginManager] Load ClientAuthService com.alibaba.nacos.client.auth.ram.RamClientAuthServiceImpl success.
18:03:16.990 [main] INFO  c.a.n.c.a.r.i.CredentialWatcher - [loadCredential,165] - null No credential found
18:03:17.017 [main] INFO  c.a.n.c.c.i.Limiter - [<clinit>,62] - limitTime:5.0
18:03:17.283 [main] INFO  c.a.n.c.c.i.LocalConfigInfoProcessor - [<clinit>,63] - LOCAL_SNAPSHOT_PATH:C:\Users\Rainy-Heights\nacos\config
18:03:17.286 [main] INFO  c.a.n.c.r.client - [lambda$createClient$0,108] - [RpcClientFactory] create a new rpc client of 2ee94c2c-c7ef-4842-b2e0-f4e07edca4f8_config-0
18:03:17.301 [main] INFO  c.a.n.c.r.client - [printIfInfoEnabled,63] - [2ee94c2c-c7ef-4842-b2e0-f4e07edca4f8_config-0] Register server push request handler:com.alibaba.nacos.client.config.impl.ClientWorker$ConfigRpcTransportClient$$Lambda$578/0x0000000800f2b520
18:03:17.301 [main] INFO  c.a.n.c.r.client - [printIfInfoEnabled,63] - [2ee94c2c-c7ef-4842-b2e0-f4e07edca4f8_config-0] Register server push request handler:com.alibaba.nacos.client.config.impl.ClientWorker$ConfigRpcTransportClient$$Lambda$579/0x0000000800f2b920
18:03:17.302 [main] INFO  c.a.n.c.r.client - [printIfInfoEnabled,63] - [2ee94c2c-c7ef-4842-b2e0-f4e07edca4f8_config-0] Registry connection listener to current client:com.alibaba.nacos.client.config.impl.ClientWorker$ConfigRpcTransportClient$1
18:03:17.303 [main] INFO  c.a.n.c.r.client - [printIfInfoEnabled,63] - [2ee94c2c-c7ef-4842-b2e0-f4e07edca4f8_config-0] RpcClient init, ServerListFactory = com.alibaba.nacos.client.config.impl.ClientWorker$ConfigRpcTransportClient$2
18:03:17.308 [main] INFO  c.a.n.c.r.client - [printIfInfoEnabled,63] - [2ee94c2c-c7ef-4842-b2e0-f4e07edca4f8_config-0] Try to connect to server on start up, server: {serverIp = '127.0.0.1', server main port = 8848}
18:03:17.323 [main] INFO  c.a.n.c.r.c.g.GrpcClient - [createNewManagedChannel,182] - grpc client connection server:127.0.0.1 ip,serverPort:9848,grpcTslConfig:{"sslProvider":"OPENSSL","enableTls":false,"mutualAuthEnable":false,"trustAll":false}
18:03:17.854 [main] INFO  c.a.n.c.r.client - [printIfInfoEnabled,63] - [2ee94c2c-c7ef-4842-b2e0-f4e07edca4f8_config-0] Success to connect to server [127.0.0.1:8848] on start up, connectionId = 1726567397683_127.0.0.1_54533
18:03:17.854 [com.alibaba.nacos.client.remote.worker] INFO  c.a.n.c.r.client - [printIfInfoEnabled,63] - [2ee94c2c-c7ef-4842-b2e0-f4e07edca4f8_config-0] Notify connected event to listeners.
18:03:17.854 [main] INFO  c.a.n.c.r.client - [printIfInfoEnabled,63] - [2ee94c2c-c7ef-4842-b2e0-f4e07edca4f8_config-0] Register server push request handler:com.alibaba.nacos.common.remote.client.RpcClient$ConnectResetRequestHandler
18:03:17.855 [com.alibaba.nacos.client.remote.worker] INFO  c.a.n.c.c.i.ClientWorker - [onConnected,639] - [2ee94c2c-c7ef-4842-b2e0-f4e07edca4f8_config-0] Connected,notify listen context...
18:03:17.855 [main] INFO  c.a.n.c.r.client - [printIfInfoEnabled,63] - [2ee94c2c-c7ef-4842-b2e0-f4e07edca4f8_config-0] Register server push request handler:com.alibaba.nacos.common.remote.client.RpcClient$$Lambda$595/0x000000080105e6d0
18:03:17.895 [main] INFO  c.a.n.c.c.u.JvmUtil - [<clinit>,54] - isMultiInstance:false
18:03:17.946 [main] INFO  c.p.CloudSystemApplication - [logStartupProfileInfo,636] - The following 1 profile is active: "dev"
18:03:19.276 [main] INFO  o.a.c.h.Http11NioProtocol - [log,173] - Initializing ProtocolHandler ["http-nio-9023"]
18:03:19.277 [main] INFO  o.a.c.c.StandardService - [log,173] - Starting service [Tomcat]
18:03:19.277 [main] INFO  o.a.c.c.StandardEngine - [log,173] - Starting Servlet engine: [Apache Tomcat/10.1.5]
18:03:19.391 [main] INFO  o.a.c.c.C.[.[.[/system] - [log,173] - Initializing Spring embedded WebApplicationContext
18:03:19.488 [main] INFO  o.a.c.c.StandardService - [log,173] - Stopping service [Tomcat]
18:06:21.197 [main] INFO  c.a.n.c.u.ParamUtil - [<clinit>,87] - [settings] [req-serv] nacos-server port:8848
18:06:21.198 [main] INFO  c.a.n.c.u.ParamUtil - [<clinit>,98] - [settings] [http-client] connect timeout:1000
18:06:21.199 [main] INFO  c.a.n.c.u.ParamUtil - [<clinit>,105] - PER_TASK_CONFIG_SIZE: 3000.0
18:06:21.218 [main] INFO  c.a.n.p.a.s.c.ClientAuthPluginManager - [init,56] - [ClientAuthPluginManager] Load ClientAuthService com.alibaba.nacos.client.auth.impl.NacosClientAuthServiceImpl success.
18:06:21.218 [main] INFO  c.a.n.p.a.s.c.ClientAuthPluginManager - [init,56] - [ClientAuthPluginManager] Load ClientAuthService com.alibaba.nacos.client.auth.ram.RamClientAuthServiceImpl success.
18:06:21.220 [main] INFO  c.a.n.c.a.r.i.CredentialWatcher - [loadCredential,165] - null No credential found
18:06:21.245 [main] INFO  c.a.n.c.c.i.Limiter - [<clinit>,62] - limitTime:5.0
18:06:21.525 [main] INFO  c.a.n.c.c.i.LocalConfigInfoProcessor - [<clinit>,63] - LOCAL_SNAPSHOT_PATH:C:\Users\Rainy-Heights\nacos\config
18:06:21.529 [main] INFO  c.a.n.c.r.client - [lambda$createClient$0,108] - [RpcClientFactory] create a new rpc client of a9101cd9-b5cc-46ab-b533-39aa7feb9650_config-0
18:06:21.543 [main] INFO  c.a.n.c.r.client - [printIfInfoEnabled,63] - [a9101cd9-b5cc-46ab-b533-39aa7feb9650_config-0] Register server push request handler:com.alibaba.nacos.client.config.impl.ClientWorker$ConfigRpcTransportClient$$Lambda$578/0x0000000800f2b290
18:06:21.543 [main] INFO  c.a.n.c.r.client - [printIfInfoEnabled,63] - [a9101cd9-b5cc-46ab-b533-39aa7feb9650_config-0] Register server push request handler:com.alibaba.nacos.client.config.impl.ClientWorker$ConfigRpcTransportClient$$Lambda$579/0x0000000800f2b690
18:06:21.543 [main] INFO  c.a.n.c.r.client - [printIfInfoEnabled,63] - [a9101cd9-b5cc-46ab-b533-39aa7feb9650_config-0] Registry connection listener to current client:com.alibaba.nacos.client.config.impl.ClientWorker$ConfigRpcTransportClient$1
18:06:21.543 [main] INFO  c.a.n.c.r.client - [printIfInfoEnabled,63] - [a9101cd9-b5cc-46ab-b533-39aa7feb9650_config-0] RpcClient init, ServerListFactory = com.alibaba.nacos.client.config.impl.ClientWorker$ConfigRpcTransportClient$2
18:06:21.548 [main] INFO  c.a.n.c.r.client - [printIfInfoEnabled,63] - [a9101cd9-b5cc-46ab-b533-39aa7feb9650_config-0] Try to connect to server on start up, server: {serverIp = '127.0.0.1', server main port = 8848}
18:06:21.563 [main] INFO  c.a.n.c.r.c.g.GrpcClient - [createNewManagedChannel,182] - grpc client connection server:127.0.0.1 ip,serverPort:9848,grpcTslConfig:{"sslProvider":"OPENSSL","enableTls":false,"mutualAuthEnable":false,"trustAll":false}
18:06:22.177 [main] INFO  c.a.n.c.r.client - [printIfInfoEnabled,63] - [a9101cd9-b5cc-46ab-b533-39aa7feb9650_config-0] Success to connect to server [127.0.0.1:8848] on start up, connectionId = 1726567582000_127.0.0.1_54792
18:06:22.178 [com.alibaba.nacos.client.remote.worker] INFO  c.a.n.c.r.client - [printIfInfoEnabled,63] - [a9101cd9-b5cc-46ab-b533-39aa7feb9650_config-0] Notify connected event to listeners.
18:06:22.178 [main] INFO  c.a.n.c.r.client - [printIfInfoEnabled,63] - [a9101cd9-b5cc-46ab-b533-39aa7feb9650_config-0] Register server push request handler:com.alibaba.nacos.common.remote.client.RpcClient$ConnectResetRequestHandler
18:06:22.178 [com.alibaba.nacos.client.remote.worker] INFO  c.a.n.c.c.i.ClientWorker - [onConnected,639] - [a9101cd9-b5cc-46ab-b533-39aa7feb9650_config-0] Connected,notify listen context...
18:06:22.178 [main] INFO  c.a.n.c.r.client - [printIfInfoEnabled,63] - [a9101cd9-b5cc-46ab-b533-39aa7feb9650_config-0] Register server push request handler:com.alibaba.nacos.common.remote.client.RpcClient$$Lambda$595/0x000000080105e6d0
18:06:22.219 [main] INFO  c.a.n.c.c.u.JvmUtil - [<clinit>,54] - isMultiInstance:false
18:06:22.272 [main] INFO  c.p.CloudSystemApplication - [logStartupProfileInfo,636] - The following 1 profile is active: "dev"
18:06:23.680 [main] INFO  o.a.c.h.Http11NioProtocol - [log,173] - Initializing ProtocolHandler ["http-nio-9023"]
18:06:23.681 [main] INFO  o.a.c.c.StandardService - [log,173] - Starting service [Tomcat]
18:06:23.681 [main] INFO  o.a.c.c.StandardEngine - [log,173] - Starting Servlet engine: [Apache Tomcat/10.1.5]
18:06:23.799 [main] INFO  o.a.c.c.C.[.[.[/system] - [log,173] - Initializing Spring embedded WebApplicationContext
18:06:24.008 [main] INFO  c.p.c.AuthConfig - [filterRegistration,27] - <----------------------- ¼ÓÈëAuthFilterÀ¹½ØÂ·¾¶£º----------------------->
18:06:24.610 [main] INFO  o.a.c.c.StandardService - [log,173] - Stopping service [Tomcat]
18:07:39.422 [main] INFO  c.a.n.c.u.ParamUtil - [<clinit>,87] - [settings] [req-serv] nacos-server port:8848
18:07:39.425 [main] INFO  c.a.n.c.u.ParamUtil - [<clinit>,98] - [settings] [http-client] connect timeout:1000
18:07:39.426 [main] INFO  c.a.n.c.u.ParamUtil - [<clinit>,105] - PER_TASK_CONFIG_SIZE: 3000.0
18:07:39.448 [main] INFO  c.a.n.p.a.s.c.ClientAuthPluginManager - [init,56] - [ClientAuthPluginManager] Load ClientAuthService com.alibaba.nacos.client.auth.impl.NacosClientAuthServiceImpl success.
18:07:39.449 [main] INFO  c.a.n.p.a.s.c.ClientAuthPluginManager - [init,56] - [ClientAuthPluginManager] Load ClientAuthService com.alibaba.nacos.client.auth.ram.RamClientAuthServiceImpl success.
18:07:39.450 [main] INFO  c.a.n.c.a.r.i.CredentialWatcher - [loadCredential,165] - null No credential found
18:07:39.477 [main] INFO  c.a.n.c.c.i.Limiter - [<clinit>,62] - limitTime:5.0
18:07:39.750 [main] INFO  c.a.n.c.c.i.LocalConfigInfoProcessor - [<clinit>,63] - LOCAL_SNAPSHOT_PATH:C:\Users\Rainy-Heights\nacos\config
18:07:39.753 [main] INFO  c.a.n.c.r.client - [lambda$createClient$0,108] - [RpcClientFactory] create a new rpc client of 32d929ea-7e0f-424d-bf61-c20c6dd81367_config-0
18:07:39.765 [main] INFO  c.a.n.c.r.client - [printIfInfoEnabled,63] - [32d929ea-7e0f-424d-bf61-c20c6dd81367_config-0] Register server push request handler:com.alibaba.nacos.client.config.impl.ClientWorker$ConfigRpcTransportClient$$Lambda$578/0x0000000800f2b290
18:07:39.766 [main] INFO  c.a.n.c.r.client - [printIfInfoEnabled,63] - [32d929ea-7e0f-424d-bf61-c20c6dd81367_config-0] Register server push request handler:com.alibaba.nacos.client.config.impl.ClientWorker$ConfigRpcTransportClient$$Lambda$579/0x0000000800f2b690
18:07:39.766 [main] INFO  c.a.n.c.r.client - [printIfInfoEnabled,63] - [32d929ea-7e0f-424d-bf61-c20c6dd81367_config-0] Registry connection listener to current client:com.alibaba.nacos.client.config.impl.ClientWorker$ConfigRpcTransportClient$1
18:07:39.766 [main] INFO  c.a.n.c.r.client - [printIfInfoEnabled,63] - [32d929ea-7e0f-424d-bf61-c20c6dd81367_config-0] RpcClient init, ServerListFactory = com.alibaba.nacos.client.config.impl.ClientWorker$ConfigRpcTransportClient$2
18:07:39.773 [main] INFO  c.a.n.c.r.client - [printIfInfoEnabled,63] - [32d929ea-7e0f-424d-bf61-c20c6dd81367_config-0] Try to connect to server on start up, server: {serverIp = '127.0.0.1', server main port = 8848}
18:07:39.789 [main] INFO  c.a.n.c.r.c.g.GrpcClient - [createNewManagedChannel,182] - grpc client connection server:127.0.0.1 ip,serverPort:9848,grpcTslConfig:{"sslProvider":"OPENSSL","enableTls":false,"mutualAuthEnable":false,"trustAll":false}
18:07:40.339 [main] INFO  c.a.n.c.r.client - [printIfInfoEnabled,63] - [32d929ea-7e0f-424d-bf61-c20c6dd81367_config-0] Success to connect to server [127.0.0.1:8848] on start up, connectionId = 1726567660167_127.0.0.1_54916
18:07:40.340 [com.alibaba.nacos.client.remote.worker] INFO  c.a.n.c.r.client - [printIfInfoEnabled,63] - [32d929ea-7e0f-424d-bf61-c20c6dd81367_config-0] Notify connected event to listeners.
18:07:40.341 [com.alibaba.nacos.client.remote.worker] INFO  c.a.n.c.c.i.ClientWorker - [onConnected,639] - [32d929ea-7e0f-424d-bf61-c20c6dd81367_config-0] Connected,notify listen context...
18:07:40.341 [main] INFO  c.a.n.c.r.client - [printIfInfoEnabled,63] - [32d929ea-7e0f-424d-bf61-c20c6dd81367_config-0] Register server push request handler:com.alibaba.nacos.common.remote.client.RpcClient$ConnectResetRequestHandler
18:07:40.341 [main] INFO  c.a.n.c.r.client - [printIfInfoEnabled,63] - [32d929ea-7e0f-424d-bf61-c20c6dd81367_config-0] Register server push request handler:com.alibaba.nacos.common.remote.client.RpcClient$$Lambda$595/0x000000080105e6d0
18:07:40.388 [main] INFO  c.a.n.c.c.u.JvmUtil - [<clinit>,54] - isMultiInstance:false
18:07:40.444 [main] INFO  c.p.CloudSystemApplication - [logStartupProfileInfo,636] - The following 1 profile is active: "dev"
18:07:41.860 [main] INFO  o.a.c.h.Http11NioProtocol - [log,173] - Initializing ProtocolHandler ["http-nio-9023"]
18:07:41.861 [main] INFO  o.a.c.c.StandardService - [log,173] - Starting service [Tomcat]
18:07:41.861 [main] INFO  o.a.c.c.StandardEngine - [log,173] - Starting Servlet engine: [Apache Tomcat/10.1.5]
18:07:41.967 [main] INFO  o.a.c.c.C.[.[.[/system] - [log,173] - Initializing Spring embedded WebApplicationContext
18:07:42.151 [main] INFO  c.p.c.AuthConfig - [filterRegistration,27] - <----------------------- ¼ÓÈëAuthFilterÀ¹½ØÂ·¾¶£º----------------------->
18:07:42.709 [main] INFO  o.a.c.c.StandardService - [log,173] - Stopping service [Tomcat]
18:08:23.220 [main] INFO  c.a.n.c.u.ParamUtil - [<clinit>,87] - [settings] [req-serv] nacos-server port:8848
18:08:23.223 [main] INFO  c.a.n.c.u.ParamUtil - [<clinit>,98] - [settings] [http-client] connect timeout:1000
18:08:23.224 [main] INFO  c.a.n.c.u.ParamUtil - [<clinit>,105] - PER_TASK_CONFIG_SIZE: 3000.0
18:08:23.241 [main] INFO  c.a.n.p.a.s.c.ClientAuthPluginManager - [init,56] - [ClientAuthPluginManager] Load ClientAuthService com.alibaba.nacos.client.auth.impl.NacosClientAuthServiceImpl success.
18:08:23.241 [main] INFO  c.a.n.p.a.s.c.ClientAuthPluginManager - [init,56] - [ClientAuthPluginManager] Load ClientAuthService com.alibaba.nacos.client.auth.ram.RamClientAuthServiceImpl success.
18:08:23.243 [main] INFO  c.a.n.c.a.r.i.CredentialWatcher - [loadCredential,165] - null No credential found
18:08:23.267 [main] INFO  c.a.n.c.c.i.Limiter - [<clinit>,62] - limitTime:5.0
18:08:23.542 [main] INFO  c.a.n.c.c.i.LocalConfigInfoProcessor - [<clinit>,63] - LOCAL_SNAPSHOT_PATH:C:\Users\Rainy-Heights\nacos\config
18:08:23.545 [main] INFO  c.a.n.c.r.client - [lambda$createClient$0,108] - [RpcClientFactory] create a new rpc client of f68c62a5-9085-42a0-933e-acefa728991c_config-0
18:08:23.561 [main] INFO  c.a.n.c.r.client - [printIfInfoEnabled,63] - [f68c62a5-9085-42a0-933e-acefa728991c_config-0] Register server push request handler:com.alibaba.nacos.client.config.impl.ClientWorker$ConfigRpcTransportClient$$Lambda$578/0x0000000800f2b290
18:08:23.562 [main] INFO  c.a.n.c.r.client - [printIfInfoEnabled,63] - [f68c62a5-9085-42a0-933e-acefa728991c_config-0] Register server push request handler:com.alibaba.nacos.client.config.impl.ClientWorker$ConfigRpcTransportClient$$Lambda$579/0x0000000800f2b690
18:08:23.563 [main] INFO  c.a.n.c.r.client - [printIfInfoEnabled,63] - [f68c62a5-9085-42a0-933e-acefa728991c_config-0] Registry connection listener to current client:com.alibaba.nacos.client.config.impl.ClientWorker$ConfigRpcTransportClient$1
18:08:23.563 [main] INFO  c.a.n.c.r.client - [printIfInfoEnabled,63] - [f68c62a5-9085-42a0-933e-acefa728991c_config-0] RpcClient init, ServerListFactory = com.alibaba.nacos.client.config.impl.ClientWorker$ConfigRpcTransportClient$2
18:08:23.569 [main] INFO  c.a.n.c.r.client - [printIfInfoEnabled,63] - [f68c62a5-9085-42a0-933e-acefa728991c_config-0] Try to connect to server on start up, server: {serverIp = '127.0.0.1', server main port = 8848}
18:08:23.586 [main] INFO  c.a.n.c.r.c.g.GrpcClient - [createNewManagedChannel,182] - grpc client connection server:127.0.0.1 ip,serverPort:9848,grpcTslConfig:{"sslProvider":"OPENSSL","enableTls":false,"mutualAuthEnable":false,"trustAll":false}
18:08:24.163 [main] INFO  c.a.n.c.r.client - [printIfInfoEnabled,63] - [f68c62a5-9085-42a0-933e-acefa728991c_config-0] Success to connect to server [127.0.0.1:8848] on start up, connectionId = 1726567704002_127.0.0.1_54993
18:08:24.164 [main] INFO  c.a.n.c.r.client - [printIfInfoEnabled,63] - [f68c62a5-9085-42a0-933e-acefa728991c_config-0] Register server push request handler:com.alibaba.nacos.common.remote.client.RpcClient$ConnectResetRequestHandler
18:08:24.164 [com.alibaba.nacos.client.remote.worker] INFO  c.a.n.c.r.client - [printIfInfoEnabled,63] - [f68c62a5-9085-42a0-933e-acefa728991c_config-0] Notify connected event to listeners.
18:08:24.164 [com.alibaba.nacos.client.remote.worker] INFO  c.a.n.c.c.i.ClientWorker - [onConnected,639] - [f68c62a5-9085-42a0-933e-acefa728991c_config-0] Connected,notify listen context...
18:08:24.165 [main] INFO  c.a.n.c.r.client - [printIfInfoEnabled,63] - [f68c62a5-9085-42a0-933e-acefa728991c_config-0] Register server push request handler:com.alibaba.nacos.common.remote.client.RpcClient$$Lambda$595/0x000000080105e6d0
18:08:24.207 [main] INFO  c.a.n.c.c.u.JvmUtil - [<clinit>,54] - isMultiInstance:false
18:08:24.254 [main] INFO  c.p.CloudSystemApplication - [logStartupProfileInfo,636] - The following 1 profile is active: "dev"
18:08:25.702 [main] INFO  o.a.c.h.Http11NioProtocol - [log,173] - Initializing ProtocolHandler ["http-nio-9023"]
18:08:25.703 [main] INFO  o.a.c.c.StandardService - [log,173] - Starting service [Tomcat]
18:08:25.703 [main] INFO  o.a.c.c.StandardEngine - [log,173] - Starting Servlet engine: [Apache Tomcat/10.1.5]
18:08:25.802 [main] INFO  o.a.c.c.C.[.[.[/system] - [log,173] - Initializing Spring embedded WebApplicationContext
18:08:25.980 [main] INFO  c.p.c.AuthConfig - [filterRegistration,27] - <----------------------- ¼ÓÈëAuthFilterÀ¹½ØÂ·¾¶£º----------------------->
18:08:26.542 [main] INFO  o.a.c.c.StandardService - [log,173] - Stopping service [Tomcat]
18:09:59.250 [main] INFO  c.a.n.c.u.ParamUtil - [<clinit>,87] - [settings] [req-serv] nacos-server port:8848
18:09:59.251 [main] INFO  c.a.n.c.u.ParamUtil - [<clinit>,98] - [settings] [http-client] connect timeout:1000
18:09:59.253 [main] INFO  c.a.n.c.u.ParamUtil - [<clinit>,105] - PER_TASK_CONFIG_SIZE: 3000.0
18:09:59.275 [main] INFO  c.a.n.p.a.s.c.ClientAuthPluginManager - [init,56] - [ClientAuthPluginManager] Load ClientAuthService com.alibaba.nacos.client.auth.impl.NacosClientAuthServiceImpl success.
18:09:59.275 [main] INFO  c.a.n.p.a.s.c.ClientAuthPluginManager - [init,56] - [ClientAuthPluginManager] Load ClientAuthService com.alibaba.nacos.client.auth.ram.RamClientAuthServiceImpl success.
18:09:59.279 [main] INFO  c.a.n.c.a.r.i.CredentialWatcher - [loadCredential,165] - null No credential found
18:09:59.301 [main] INFO  c.a.n.c.c.i.Limiter - [<clinit>,62] - limitTime:5.0
18:09:59.598 [main] INFO  c.a.n.c.c.i.LocalConfigInfoProcessor - [<clinit>,63] - LOCAL_SNAPSHOT_PATH:C:\Users\Rainy-Heights\nacos\config
18:09:59.601 [main] INFO  c.a.n.c.r.client - [lambda$createClient$0,108] - [RpcClientFactory] create a new rpc client of 40c99410-ca45-4220-acfe-3bef82913ba0_config-0
18:09:59.618 [main] INFO  c.a.n.c.r.client - [printIfInfoEnabled,63] - [40c99410-ca45-4220-acfe-3bef82913ba0_config-0] Register server push request handler:com.alibaba.nacos.client.config.impl.ClientWorker$ConfigRpcTransportClient$$Lambda$578/0x0000000800f2b290
18:09:59.619 [main] INFO  c.a.n.c.r.client - [printIfInfoEnabled,63] - [40c99410-ca45-4220-acfe-3bef82913ba0_config-0] Register server push request handler:com.alibaba.nacos.client.config.impl.ClientWorker$ConfigRpcTransportClient$$Lambda$579/0x0000000800f2b690
18:09:59.619 [main] INFO  c.a.n.c.r.client - [printIfInfoEnabled,63] - [40c99410-ca45-4220-acfe-3bef82913ba0_config-0] Registry connection listener to current client:com.alibaba.nacos.client.config.impl.ClientWorker$ConfigRpcTransportClient$1
18:09:59.619 [main] INFO  c.a.n.c.r.client - [printIfInfoEnabled,63] - [40c99410-ca45-4220-acfe-3bef82913ba0_config-0] RpcClient init, ServerListFactory = com.alibaba.nacos.client.config.impl.ClientWorker$ConfigRpcTransportClient$2
18:09:59.624 [main] INFO  c.a.n.c.r.client - [printIfInfoEnabled,63] - [40c99410-ca45-4220-acfe-3bef82913ba0_config-0] Try to connect to server on start up, server: {serverIp = '127.0.0.1', server main port = 8848}
18:09:59.639 [main] INFO  c.a.n.c.r.c.g.GrpcClient - [createNewManagedChannel,182] - grpc client connection server:127.0.0.1 ip,serverPort:9848,grpcTslConfig:{"sslProvider":"OPENSSL","enableTls":false,"mutualAuthEnable":false,"trustAll":false}
18:10:00.218 [main] INFO  c.a.n.c.r.client - [printIfInfoEnabled,63] - [40c99410-ca45-4220-acfe-3bef82913ba0_config-0] Success to connect to server [127.0.0.1:8848] on start up, connectionId = 1726567800032_127.0.0.1_55134
18:10:00.219 [main] INFO  c.a.n.c.r.client - [printIfInfoEnabled,63] - [40c99410-ca45-4220-acfe-3bef82913ba0_config-0] Register server push request handler:com.alibaba.nacos.common.remote.client.RpcClient$ConnectResetRequestHandler
18:10:00.219 [com.alibaba.nacos.client.remote.worker] INFO  c.a.n.c.r.client - [printIfInfoEnabled,63] - [40c99410-ca45-4220-acfe-3bef82913ba0_config-0] Notify connected event to listeners.
18:10:00.219 [com.alibaba.nacos.client.remote.worker] INFO  c.a.n.c.c.i.ClientWorker - [onConnected,639] - [40c99410-ca45-4220-acfe-3bef82913ba0_config-0] Connected,notify listen context...
18:10:00.219 [main] INFO  c.a.n.c.r.client - [printIfInfoEnabled,63] - [40c99410-ca45-4220-acfe-3bef82913ba0_config-0] Register server push request handler:com.alibaba.nacos.common.remote.client.RpcClient$$Lambda$595/0x000000080105e6d0
18:10:00.266 [main] INFO  c.a.n.c.c.u.JvmUtil - [<clinit>,54] - isMultiInstance:false
18:10:00.326 [main] INFO  c.p.CloudSystemApplication - [logStartupProfileInfo,636] - The following 1 profile is active: "dev"
18:10:01.770 [main] INFO  o.a.c.h.Http11NioProtocol - [log,173] - Initializing ProtocolHandler ["http-nio-9023"]
18:10:01.771 [main] INFO  o.a.c.c.StandardService - [log,173] - Starting service [Tomcat]
18:10:01.771 [main] INFO  o.a.c.c.StandardEngine - [log,173] - Starting Servlet engine: [Apache Tomcat/10.1.5]
18:10:01.879 [main] INFO  o.a.c.c.C.[.[.[/system] - [log,173] - Initializing Spring embedded WebApplicationContext
18:10:02.057 [main] INFO  c.p.c.AuthConfig - [filterRegistration,27] - <----------------------- åŠ å…¥AuthFilteræ‹¦æˆªè·¯å¾„ï¼š----------------------->
18:10:02.727 [main] INFO  o.a.c.c.StandardService - [log,173] - Stopping service [Tomcat]
18:12:42.327 [main] INFO  c.a.n.c.u.ParamUtil - [<clinit>,87] - [settings] [req-serv] nacos-server port:8848
18:12:42.330 [main] INFO  c.a.n.c.u.ParamUtil - [<clinit>,98] - [settings] [http-client] connect timeout:1000
18:12:42.331 [main] INFO  c.a.n.c.u.ParamUtil - [<clinit>,105] - PER_TASK_CONFIG_SIZE: 3000.0
18:12:42.350 [main] INFO  c.a.n.p.a.s.c.ClientAuthPluginManager - [init,56] - [ClientAuthPluginManager] Load ClientAuthService com.alibaba.nacos.client.auth.impl.NacosClientAuthServiceImpl success.
18:12:42.350 [main] INFO  c.a.n.p.a.s.c.ClientAuthPluginManager - [init,56] - [ClientAuthPluginManager] Load ClientAuthService com.alibaba.nacos.client.auth.ram.RamClientAuthServiceImpl success.
18:12:42.353 [main] INFO  c.a.n.c.a.r.i.CredentialWatcher - [loadCredential,165] - null No credential found
18:12:42.380 [main] INFO  c.a.n.c.c.i.Limiter - [<clinit>,62] - limitTime:5.0
18:12:42.660 [main] INFO  c.a.n.c.c.i.LocalConfigInfoProcessor - [<clinit>,63] - LOCAL_SNAPSHOT_PATH:C:\Users\Rainy-Heights\nacos\config
18:12:42.663 [main] INFO  c.a.n.c.r.client - [lambda$createClient$0,108] - [RpcClientFactory] create a new rpc client of 8126628e-c082-4373-95e5-cc9cf862bf80_config-0
18:12:42.678 [main] INFO  c.a.n.c.r.client - [printIfInfoEnabled,63] - [8126628e-c082-4373-95e5-cc9cf862bf80_config-0] Register server push request handler:com.alibaba.nacos.client.config.impl.ClientWorker$ConfigRpcTransportClient$$Lambda$578/0x0000000800f2ae18
18:12:42.678 [main] INFO  c.a.n.c.r.client - [printIfInfoEnabled,63] - [8126628e-c082-4373-95e5-cc9cf862bf80_config-0] Register server push request handler:com.alibaba.nacos.client.config.impl.ClientWorker$ConfigRpcTransportClient$$Lambda$579/0x0000000800f2b218
18:12:42.679 [main] INFO  c.a.n.c.r.client - [printIfInfoEnabled,63] - [8126628e-c082-4373-95e5-cc9cf862bf80_config-0] Registry connection listener to current client:com.alibaba.nacos.client.config.impl.ClientWorker$ConfigRpcTransportClient$1
18:12:42.679 [main] INFO  c.a.n.c.r.client - [printIfInfoEnabled,63] - [8126628e-c082-4373-95e5-cc9cf862bf80_config-0] RpcClient init, ServerListFactory = com.alibaba.nacos.client.config.impl.ClientWorker$ConfigRpcTransportClient$2
18:12:42.687 [main] INFO  c.a.n.c.r.client - [printIfInfoEnabled,63] - [8126628e-c082-4373-95e5-cc9cf862bf80_config-0] Try to connect to server on start up, server: {serverIp = '127.0.0.1', server main port = 8848}
18:12:42.701 [main] INFO  c.a.n.c.r.c.g.GrpcClient - [createNewManagedChannel,182] - grpc client connection server:127.0.0.1 ip,serverPort:9848,grpcTslConfig:{"sslProvider":"OPENSSL","enableTls":false,"mutualAuthEnable":false,"trustAll":false}
18:12:43.299 [main] INFO  c.a.n.c.r.client - [printIfInfoEnabled,63] - [8126628e-c082-4373-95e5-cc9cf862bf80_config-0] Success to connect to server [127.0.0.1:8848] on start up, connectionId = 1726567963120_127.0.0.1_55360
18:12:43.300 [com.alibaba.nacos.client.remote.worker] INFO  c.a.n.c.r.client - [printIfInfoEnabled,63] - [8126628e-c082-4373-95e5-cc9cf862bf80_config-0] Notify connected event to listeners.
18:12:43.300 [main] INFO  c.a.n.c.r.client - [printIfInfoEnabled,63] - [8126628e-c082-4373-95e5-cc9cf862bf80_config-0] Register server push request handler:com.alibaba.nacos.common.remote.client.RpcClient$ConnectResetRequestHandler
18:12:43.301 [com.alibaba.nacos.client.remote.worker] INFO  c.a.n.c.c.i.ClientWorker - [onConnected,639] - [8126628e-c082-4373-95e5-cc9cf862bf80_config-0] Connected,notify listen context...
18:12:43.304 [main] INFO  c.a.n.c.r.client - [printIfInfoEnabled,63] - [8126628e-c082-4373-95e5-cc9cf862bf80_config-0] Register server push request handler:com.alibaba.nacos.common.remote.client.RpcClient$$Lambda$595/0x000000080105e0c8
18:12:43.340 [main] INFO  c.a.n.c.c.u.JvmUtil - [<clinit>,54] - isMultiInstance:false
18:12:43.392 [main] INFO  c.p.CloudSystemApplication - [logStartupProfileInfo,636] - The following 1 profile is active: "dev"
18:12:44.851 [main] INFO  o.a.c.h.Http11NioProtocol - [log,173] - Initializing ProtocolHandler ["http-nio-9023"]
18:12:44.852 [main] INFO  o.a.c.c.StandardService - [log,173] - Starting service [Tomcat]
18:12:44.852 [main] INFO  o.a.c.c.StandardEngine - [log,173] - Starting Servlet engine: [Apache Tomcat/10.1.5]
18:12:44.951 [main] INFO  o.a.c.c.C.[.[.[/system] - [log,173] - Initializing Spring embedded WebApplicationContext
18:12:45.135 [main] INFO  c.p.c.AuthConfig - [filterRegistration,27] - <----------------------- åŠ å…¥AuthFilteræ‹¦æˆªè·¯å¾„ï¼š----------------------->
18:12:45.724 [main] INFO  o.a.c.c.StandardService - [log,173] - Stopping service [Tomcat]
18:13:28.823 [main] INFO  c.a.n.c.u.ParamUtil - [<clinit>,87] - [settings] [req-serv] nacos-server port:8848
18:13:28.826 [main] INFO  c.a.n.c.u.ParamUtil - [<clinit>,98] - [settings] [http-client] connect timeout:1000
18:13:28.827 [main] INFO  c.a.n.c.u.ParamUtil - [<clinit>,105] - PER_TASK_CONFIG_SIZE: 3000.0
18:13:28.847 [main] INFO  c.a.n.p.a.s.c.ClientAuthPluginManager - [init,56] - [ClientAuthPluginManager] Load ClientAuthService com.alibaba.nacos.client.auth.impl.NacosClientAuthServiceImpl success.
18:13:28.847 [main] INFO  c.a.n.p.a.s.c.ClientAuthPluginManager - [init,56] - [ClientAuthPluginManager] Load ClientAuthService com.alibaba.nacos.client.auth.ram.RamClientAuthServiceImpl success.
18:13:28.869 [main] INFO  c.a.n.c.c.i.Limiter - [<clinit>,62] - limitTime:5.0
18:13:28.966 [main] INFO  c.a.n.c.a.r.i.CredentialWatcher - [loadCredential,165] - null No credential found
18:13:29.162 [main] INFO  c.a.n.c.c.i.LocalConfigInfoProcessor - [<clinit>,63] - LOCAL_SNAPSHOT_PATH:C:\Users\Rainy-Heights\nacos\config
18:13:29.165 [main] INFO  c.a.n.c.r.client - [lambda$createClient$0,108] - [RpcClientFactory] create a new rpc client of e6f712ec-8a00-4dc0-b957-0c9f7f27b845_config-0
18:13:29.182 [main] INFO  c.a.n.c.r.client - [printIfInfoEnabled,63] - [e6f712ec-8a00-4dc0-b957-0c9f7f27b845_config-0] Register server push request handler:com.alibaba.nacos.client.config.impl.ClientWorker$ConfigRpcTransportClient$$Lambda$578/0x0000000800f2b5a8
18:13:29.183 [main] INFO  c.a.n.c.r.client - [printIfInfoEnabled,63] - [e6f712ec-8a00-4dc0-b957-0c9f7f27b845_config-0] Register server push request handler:com.alibaba.nacos.client.config.impl.ClientWorker$ConfigRpcTransportClient$$Lambda$579/0x0000000800f2b9a8
18:13:29.183 [main] INFO  c.a.n.c.r.client - [printIfInfoEnabled,63] - [e6f712ec-8a00-4dc0-b957-0c9f7f27b845_config-0] Registry connection listener to current client:com.alibaba.nacos.client.config.impl.ClientWorker$ConfigRpcTransportClient$1
18:13:29.183 [main] INFO  c.a.n.c.r.client - [printIfInfoEnabled,63] - [e6f712ec-8a00-4dc0-b957-0c9f7f27b845_config-0] RpcClient init, ServerListFactory = com.alibaba.nacos.client.config.impl.ClientWorker$ConfigRpcTransportClient$2
18:13:29.191 [main] INFO  c.a.n.c.r.client - [printIfInfoEnabled,63] - [e6f712ec-8a00-4dc0-b957-0c9f7f27b845_config-0] Try to connect to server on start up, server: {serverIp = '127.0.0.1', server main port = 8848}
18:13:29.209 [main] INFO  c.a.n.c.r.c.g.GrpcClient - [createNewManagedChannel,182] - grpc client connection server:127.0.0.1 ip,serverPort:9848,grpcTslConfig:{"sslProvider":"OPENSSL","enableTls":false,"mutualAuthEnable":false,"trustAll":false}
18:13:29.807 [main] INFO  c.a.n.c.r.client - [printIfInfoEnabled,63] - [e6f712ec-8a00-4dc0-b957-0c9f7f27b845_config-0] Success to connect to server [127.0.0.1:8848] on start up, connectionId = 1726568009643_127.0.0.1_55447
18:13:29.808 [com.alibaba.nacos.client.remote.worker] INFO  c.a.n.c.r.client - [printIfInfoEnabled,63] - [e6f712ec-8a00-4dc0-b957-0c9f7f27b845_config-0] Notify connected event to listeners.
18:13:29.808 [main] INFO  c.a.n.c.r.client - [printIfInfoEnabled,63] - [e6f712ec-8a00-4dc0-b957-0c9f7f27b845_config-0] Register server push request handler:com.alibaba.nacos.common.remote.client.RpcClient$ConnectResetRequestHandler
18:13:29.808 [com.alibaba.nacos.client.remote.worker] INFO  c.a.n.c.c.i.ClientWorker - [onConnected,639] - [e6f712ec-8a00-4dc0-b957-0c9f7f27b845_config-0] Connected,notify listen context...
18:13:29.809 [main] INFO  c.a.n.c.r.client - [printIfInfoEnabled,63] - [e6f712ec-8a00-4dc0-b957-0c9f7f27b845_config-0] Register server push request handler:com.alibaba.nacos.common.remote.client.RpcClient$$Lambda$595/0x00000008010669e8
18:13:29.853 [main] INFO  c.a.n.c.c.u.JvmUtil - [<clinit>,54] - isMultiInstance:false
18:13:29.913 [main] INFO  c.p.CloudSystemApplication - [logStartupProfileInfo,636] - The following 1 profile is active: "dev"
18:13:31.335 [main] INFO  o.a.c.h.Http11NioProtocol - [log,173] - Initializing ProtocolHandler ["http-nio-9023"]
18:13:31.336 [main] INFO  o.a.c.c.StandardService - [log,173] - Starting service [Tomcat]
18:13:31.336 [main] INFO  o.a.c.c.StandardEngine - [log,173] - Starting Servlet engine: [Apache Tomcat/10.1.5]
18:13:31.429 [main] INFO  o.a.c.c.C.[.[.[/system] - [log,173] - Initializing Spring embedded WebApplicationContext
18:13:31.609 [main] INFO  c.p.c.AuthConfig - [filterRegistration,27] - <----------------------- åŠ å…¥AuthFilteræ‹¦æˆªè·¯å¾„ï¼š----------------------->
18:13:32.187 [main] INFO  o.a.c.c.StandardService - [log,173] - Stopping service [Tomcat]
